<?xml version="1.0" encoding="UTF-8"?>
<!-- Generated by org.testng.reporters.JUnitXMLReporter -->
<testsuite ignored="0" hostname="Rameshs-MacBook-Pro.local" failures="0" tests="4" name="Default test" time="0.104" errors="0" timestamp="2023-10-08T19:42:04 IST">
  <testcase classname="com.sdetlabs.s42.AddTest" name="addTestDouble" time="0.015"/>
  <testcase classname="com.sdetlabs.s42.AddTest" name="addTestFloat" time="0.003"/>
  <testcase classname="com.sdetlabs.s42.AddTest" name="addTestInteger" time="0.002"/>
  <testcase classname="com.sdetlabs.s42.AddTest" name="addTestLong" time="0.002"/>
</testsuite> <!-- Default test -->
