<?xml version="1.0" encoding="UTF-8"?>
<!-- Generated by org.testng.reporters.JUnitXMLReporter -->
<testsuite ignored="0" hostname="Rameshs-MacBook-Pro.local" failures="0" tests="4" name="Test" time="0.04" errors="0" timestamp="2023-10-08T19:48:06 IST">
  <testcase classname="com.sdetlabs.s42.AddTest" name="addTestDouble" time="0.009"/>
  <testcase classname="com.sdetlabs.s42.AddTest" name="addTestFloat" time="0.001"/>
  <testcase classname="com.sdetlabs.s42.AddTest" name="addTestInteger" time="0.002"/>
  <testcase classname="com.sdetlabs.s42.AddTest" name="addTestLong" time="0.001"/>
</testsuite> <!-- Test -->
