<?xml version="1.0" encoding="UTF-8"?>
<!-- Generated by org.testng.reporters.JUnitXMLReporter -->
<testsuite ignored="0" hostname="Rameshs-MacBook-Pro.local" failures="0" tests="4" name="Test" time="0.032" errors="0" timestamp="2023-10-08T20:19:41 IST">
  <testcase classname="com.sdetlabs.s42.AddTest" name="addTestDouble" time="0.004"/>
  <testcase classname="com.sdetlabs.s42.AddTest" name="addTestFloat" time="0.0"/>
  <testcase classname="com.sdetlabs.s42.AddTest" name="addTestInteger" time="0.001"/>
  <testcase classname="com.sdetlabs.s42.AddTest" name="addTestLong" time="0.0"/>
</testsuite> <!-- Test -->
