<?xml version="1.0" encoding="UTF-8"?>
<testng-results ignored="0" total="4" passed="4" failed="0" skipped="0">
  <reporter-output>
  </reporter-output>
  <suite started-at="2023-10-08T20:19:40 IST" name="Suite" finished-at="2023-10-08T20:19:40 IST" duration-ms="32">
    <groups>
    </groups>
    <test started-at="2023-10-08T20:19:40 IST" name="Test" finished-at="2023-10-08T20:19:40 IST" duration-ms="32">
      <class name="com.sdetlabs.s42.AddTest">
        <test-method signature="addTestDouble()[pri:0, instance:com.sdetlabs.s42.AddTest@221af3c0]" started-at="2023-10-08T20:19:40 IST" name="addTestDouble" finished-at="2023-10-08T20:19:40 IST" duration-ms="4" status="PASS">
          <reporter-output>
          </reporter-output>
        </test-method> <!-- addTestDouble -->
        <test-method signature="addTestFloat()[pri:0, instance:com.sdetlabs.s42.AddTest@221af3c0]" started-at="2023-10-08T20:19:40 IST" name="addTestFloat" finished-at="2023-10-08T20:19:40 IST" duration-ms="0" status="PASS">
          <reporter-output>
          </reporter-output>
        </test-method> <!-- addTestFloat -->
        <test-method signature="addTestInteger()[pri:0, instance:com.sdetlabs.s42.AddTest@221af3c0]" started-at="2023-10-08T20:19:40 IST" name="addTestInteger" finished-at="2023-10-08T20:19:40 IST" duration-ms="1" status="PASS">
          <reporter-output>
          </reporter-output>
        </test-method> <!-- addTestInteger -->
        <test-method signature="addTestLong()[pri:0, instance:com.sdetlabs.s42.AddTest@221af3c0]" started-at="2023-10-08T20:19:40 IST" name="addTestLong" finished-at="2023-10-08T20:19:40 IST" duration-ms="0" status="PASS">
          <reporter-output>
          </reporter-output>
        </test-method> <!-- addTestLong -->
      </class> <!-- com.sdetlabs.s42.AddTest -->
    </test> <!-- Test -->
  </suite> <!-- Suite -->
</testng-results>
